<?xml version="1.0" encoding="UTF-8"?>
<!-- Generated by org.testng.reporters.JUnitXMLReporter -->
<testsuite ignored="0" hostname="DESKTOP-H5TQTBC" failures="0" tests="7" name="Default test" time="0.056" errors="0" timestamp="2023-01-16T18:26:57 IST">
  <testcase classname="com.testNg.Programs.CarInsurance" name="displayCustomerDetails" time="0.006"/>
  <testcase classname="com.testNg.Programs.CarInsurance" name="displayCustomerDetails" time="0.001"/>
  <testcase classname="com.testNg.Programs.CarInsurance" name="displayCustomerDetails" time="0.0"/>
  <testcase classname="com.testNg.Programs.CarInsurance" name="insuranceType" time="0.001"/>
  <testcase classname="com.testNg.Programs.CarInsurance" name="carDetails" time="0.001"/>
  <testcase classname="com.testNg.Programs.CarInsurance" name="carPremium" time="0.001"/>
  <testcase classname="com.testNg.Programs.CarInsurance" name="insuranceTenure" time="0.001"/>
</testsuite> <!-- Default test -->
