<?xml version="1.0" encoding="UTF-8"?>
<!-- Generated by org.testng.reporters.JUnitXMLReporter -->
<testsuite ignored="0" hostname="DESKTOP-H5TQTBC" failures="0" tests="12" name="BikeInsurance" time="0.08" errors="0" timestamp="2023-01-14T00:48:32 IST">
  <testcase classname="com.testNg.Programs.BikeInsurance" name="bikeDetails" time="0.012"/>
  <testcase classname="com.testNg.Programs.BikeInsurance" name="bikePremium" time="0.001"/>
  <testcase classname="com.testNg.Programs.BikeInsurance" name="insuranceTenure" time="0.001"/>
  <testcase classname="com.testNg.Programs.CarInsurance" name="carDetails" time="0.001"/>
  <testcase classname="com.testNg.Programs.CarInsurance" name="carPremium" time="0.001"/>
  <testcase classname="com.testNg.Programs.CarInsurance" name="insuranceTenure" time="0.001"/>
  <testcase classname="com.testNg.Programs.HealthInsurance" name="healthInsuranceDetails" time="0.001"/>
  <testcase classname="com.testNg.Programs.HealthInsurance" name="healthInsurancePremium" time="0.001"/>
  <testcase classname="com.testNg.Programs.HealthInsurance" name="insuranceTenure" time="0.001"/>
  <testcase classname="com.testNg.Programs.PropertyInsurance" name="properyDetails" time="0.001"/>
  <testcase classname="com.testNg.Programs.PropertyInsurance" name="propertyPremium" time="0.002"/>
  <testcase classname="com.testNg.Programs.PropertyInsurance" name="insuranceTenure" time="0.002"/>
</testsuite> <!-- BikeInsurance -->
