<?xml version="1.0" encoding="UTF-8"?>
<!-- Generated by org.testng.reporters.JUnitXMLReporter -->
<testsuite ignored="0" hostname="DESKTOP-H5TQTBC" failures="0" tests="3" name="CarInsurace" time="0.008" errors="0" timestamp="2023-01-14T00:32:35 IST">
  <testcase classname="com.testNg.Programs.CarInsurance" name="carDetails" time="0.0"/>
  <testcase classname="com.testNg.Programs.CarInsurance" name="carPremium" time="0.0"/>
  <testcase classname="com.testNg.Programs.CarInsurance" name="insuranceTenure" time="0.0"/>
</testsuite> <!-- CarInsurace -->
