<?xml version="1.0" encoding="UTF-8"?>
<!-- Generated by org.testng.reporters.JUnitXMLReporter -->
<testsuite ignored="1" hostname="DESKTOP-H5TQTBC" failures="0" tests="2" name="HealthInsurance" time="0.006" errors="0" timestamp="2023-01-14T00:32:35 IST">
  <testcase classname="com.testNg.Programs.HealthInsurance" name="healthInsurancePremium" time="0.001"/>
  <testcase classname="com.testNg.Programs.HealthInsurance" name="insuranceTenure" time="0.002"/>
  <testcase classname="com.testNg.Programs.HealthInsurance" name="healthInsuranceDetails" time="0.0">
    <ignored/>
  </testcase> <!-- healthInsuranceDetails -->
</testsuite> <!-- HealthInsurance -->
