<?xml version="1.0" encoding="UTF-8"?>
<!-- Generated by org.testng.reporters.JUnitXMLReporter -->
<testsuite hostname="DESKTOP-AHU31D0" ignored="1" name="Insurance" tests="3" failures="0" timestamp="2023-01-18T23:20:46 IST" time="0.076" errors="0">
  <testcase name="insuranceType" time="0.008" classname="com.testNg.Programs.BikeInsurance"/>
  <testcase name="bikeDetails" time="0.002" classname="com.testNg.Programs.BikeInsurance"/>
  <testcase name="bikePremium" time="0.011" classname="com.testNg.Programs.BikeInsurance"/>
  <testcase name="insuranceTenure" time="0.0" classname="com.testNg.Programs.BikeInsurance">
    <ignored/>
  </testcase> <!-- insuranceTenure -->
</testsuite> <!-- Insurance -->
