<?xml version="1.0" encoding="UTF-8"?>
<!-- Generated by org.testng.reporters.JUnitXMLReporter -->
<testsuite ignored="1" hostname="DESKTOP-H5TQTBC" failures="0" tests="3" name="Insurance" time="0.047" errors="0" timestamp="2023-01-16T18:26:38 IST">
  <testcase classname="com.testNg.Programs.TravelInsurance" name="insuranceType" time="0.007"/>
  <testcase classname="com.testNg.Programs.TravelInsurance" name="propertyPremium" time="0.001"/>
  <testcase classname="com.testNg.Programs.TravelInsurance" name="insuranceTenure" time="0.001"/>
  <testcase classname="com.testNg.Programs.TravelInsurance" name="displayCustomerDetails" time="0.0">
    <ignored/>
  </testcase> <!-- displayCustomerDetails -->
</testsuite> <!-- Insurance -->
