<?xml version="1.0" encoding="UTF-8"?>
<!-- Generated by org.testng.reporters.JUnitXMLReporter -->
<testsuite ignored="1" hostname="DESKTOP-H5TQTBC" failures="0" tests="2" name="PropertyInsurance" time="0.005" errors="0" timestamp="2023-01-14T00:32:35 IST">
  <testcase classname="com.testNg.Programs.PropertyInsurance" name="properyDetails" time="0.001"/>
  <testcase classname="com.testNg.Programs.PropertyInsurance" name="propertyPremium" time="0.001"/>
  <testcase classname="com.testNg.Programs.PropertyInsurance" name="insuranceTenure" time="0.0">
    <ignored/>
  </testcase> <!-- insuranceTenure -->
</testsuite> <!-- PropertyInsurance -->
