<?xml version="1.0" encoding="UTF-8"?>
<!-- Generated by org.testng.reporters.JUnitXMLReporter -->
<testsuite ignored="3" hostname="DESKTOP-H5TQTBC" failures="0" tests="4" name="test1" time="0.009" errors="0" timestamp="2023-01-16T13:53:42 IST">
  <testcase classname="com.testNg.Programs.BikeInsurance" name="InsuranceType" time="0.001"/>
  <testcase classname="com.testNg.Programs.BikeInsurance" name="bikeDetails" time="0.001"/>
  <testcase classname="com.testNg.Programs.BikeInsurance" name="bikePremium" time="0.001"/>
  <testcase classname="com.testNg.Programs.BikeInsurance" name="insuranceTenure" time="0.001"/>
  <testcase classname="com.testNg.Programs.HealthInsurance" name="healthInsuranceDetails" time="0.0">
    <ignored/>
  </testcase> <!-- healthInsuranceDetails -->
  <testcase classname="com.testNg.Programs.HealthInsurance" name="insuranceTenure" time="0.0">
    <ignored/>
  </testcase> <!-- insuranceTenure -->
  <testcase classname="com.testNg.Programs.HealthInsurance" name="healthInsurancePremium" time="0.0">
    <ignored/>
  </testcase> <!-- healthInsurancePremium -->
</testsuite> <!-- test1 -->
