<?xml version="1.0" encoding="UTF-8"?>
<testng-results skipped="0" failed="0" ignored="1" total="4" passed="3">
  <reporter-output>
  </reporter-output>
  <suite name="Insurance" duration-ms="76" started-at="2023-01-18T23:20:46 IST" finished-at="2023-01-18T23:20:46 IST">
    <groups>
      <group name="Sanity">
        <method signature="BikeInsurance.insuranceType()[pri:0, instance:com.testNg.Programs.BikeInsurance@12f41634]" name="insuranceType" class="com.testNg.Programs.BikeInsurance"/>
      </group> <!-- Sanity -->
      <group name="Regression">
        <method signature="BikeInsurance.insuranceType()[pri:0, instance:com.testNg.Programs.BikeInsurance@12f41634]" name="insuranceType" class="com.testNg.Programs.BikeInsurance"/>
        <method signature="BikeInsurance.bikeDetails()[pri:1, instance:com.testNg.Programs.BikeInsurance@12f41634]" name="bikeDetails" class="com.testNg.Programs.BikeInsurance"/>
        <method signature="BikeInsurance.bikePremium()[pri:2, instance:com.testNg.Programs.BikeInsurance@12f41634]" name="bikePremium" class="com.testNg.Programs.BikeInsurance"/>
      </group> <!-- Regression -->
    </groups>
    <test name="Insurance" duration-ms="76" started-at="2023-01-18T23:20:46 IST" finished-at="2023-01-18T23:20:46 IST">
      <class name="com.testNg.Programs.BikeInsurance">
        <test-method status="PASS" signature="insuranceType()[pri:0, instance:com.testNg.Programs.BikeInsurance@12f41634]" name="insuranceType" duration-ms="8" started-at="2023-01-18T23:20:46 IST" finished-at="2023-01-18T23:20:46 IST">
          <reporter-output>
          </reporter-output>
        </test-method> <!-- insuranceType -->
        <test-method status="PASS" signature="bikeDetails()[pri:1, instance:com.testNg.Programs.BikeInsurance@12f41634]" name="bikeDetails" duration-ms="2" started-at="2023-01-18T23:20:46 IST" depends-on-methods="com.testNg.Programs.BikeInsurance.insuranceType" finished-at="2023-01-18T23:20:46 IST">
          <reporter-output>
          </reporter-output>
        </test-method> <!-- bikeDetails -->
        <test-method status="PASS" signature="bikePremium()[pri:2, instance:com.testNg.Programs.BikeInsurance@12f41634]" name="bikePremium" duration-ms="11" started-at="2023-01-18T23:20:46 IST" finished-at="2023-01-18T23:20:46 IST">
          <reporter-output>
          </reporter-output>
        </test-method> <!-- bikePremium -->
      </class> <!-- com.testNg.Programs.BikeInsurance -->
    </test> <!-- Insurance -->
  </suite> <!-- Insurance -->
</testng-results>
