<?xml version="1.0" encoding="UTF-8"?>
<testng-results ignored="0" total="7" passed="7" failed="0" skipped="0">
  <reporter-output>
  </reporter-output>
  <suite started-at="2023-01-16T18:26:57 IST" name="Default suite" finished-at="2023-01-16T18:26:57 IST" duration-ms="56">
    <groups>
      <group name="Sanity">
        <method signature="CarInsurance.insuranceType()[pri:0, instance:com.testNg.Programs.CarInsurance@4229bb3f]" name="insuranceType" class="com.testNg.Programs.CarInsurance"/>
      </group> <!-- Sanity -->
      <group name="Regression">
        <method signature="CarInsurance.carDetails()[pri:1, instance:com.testNg.Programs.CarInsurance@4229bb3f]" name="carDetails" class="com.testNg.Programs.CarInsurance"/>
        <method signature="CarInsurance.carPremium()[pri:2, instance:com.testNg.Programs.CarInsurance@4229bb3f]" name="carPremium" class="com.testNg.Programs.CarInsurance"/>
        <method signature="CarInsurance.insuranceTenure()[pri:3, instance:com.testNg.Programs.CarInsurance@4229bb3f]" name="insuranceTenure" class="com.testNg.Programs.CarInsurance"/>
        <method signature="CarInsurance.insuranceType()[pri:0, instance:com.testNg.Programs.CarInsurance@4229bb3f]" name="insuranceType" class="com.testNg.Programs.CarInsurance"/>
      </group> <!-- Regression -->
    </groups>
    <test started-at="2023-01-16T18:26:57 IST" name="Default test" finished-at="2023-01-16T18:26:57 IST" duration-ms="56">
      <class name="com.testNg.Programs.CarInsurance">
        <test-method signature="displayCustomerDetails(java.lang.String,int)[pri:0, instance:com.testNg.Programs.CarInsurance@4229bb3f]" started-at="2023-01-16T18:26:57 IST" name="displayCustomerDetails" data-provider="testData" finished-at="2023-01-16T18:26:57 IST" duration-ms="6" status="PASS">
          <params>
            <param index="0">
              <value>
                <![CDATA[Ajith]]>
              </value>
            </param>
            <param index="1">
              <value>
                <![CDATA[27]]>
              </value>
            </param>
          </params>
          <reporter-output>
          </reporter-output>
        </test-method> <!-- displayCustomerDetails -->
        <test-method signature="displayCustomerDetails(java.lang.String,int)[pri:0, instance:com.testNg.Programs.CarInsurance@4229bb3f]" started-at="2023-01-16T18:26:57 IST" name="displayCustomerDetails" data-provider="testData" finished-at="2023-01-16T18:26:57 IST" duration-ms="1" status="PASS">
          <params>
            <param index="0">
              <value>
                <![CDATA[Aishu]]>
              </value>
            </param>
            <param index="1">
              <value>
                <![CDATA[26]]>
              </value>
            </param>
          </params>
          <reporter-output>
          </reporter-output>
        </test-method> <!-- displayCustomerDetails -->
        <test-method signature="displayCustomerDetails(java.lang.String,int)[pri:0, instance:com.testNg.Programs.CarInsurance@4229bb3f]" started-at="2023-01-16T18:26:57 IST" name="displayCustomerDetails" data-provider="testData" finished-at="2023-01-16T18:26:57 IST" duration-ms="0" status="PASS">
          <params>
            <param index="0">
              <value>
                <![CDATA[Aarthi]]>
              </value>
            </param>
            <param index="1">
              <value>
                <![CDATA[23]]>
              </value>
            </param>
          </params>
          <reporter-output>
          </reporter-output>
        </test-method> <!-- displayCustomerDetails -->
        <test-method signature="insuranceType()[pri:0, instance:com.testNg.Programs.CarInsurance@4229bb3f]" started-at="2023-01-16T18:26:57 IST" name="insuranceType" finished-at="2023-01-16T18:26:57 IST" duration-ms="1" status="PASS">
          <reporter-output>
          </reporter-output>
        </test-method> <!-- insuranceType -->
        <test-method signature="carDetails()[pri:1, instance:com.testNg.Programs.CarInsurance@4229bb3f]" started-at="2023-01-16T18:26:57 IST" name="carDetails" finished-at="2023-01-16T18:26:57 IST" duration-ms="1" status="PASS">
          <reporter-output>
          </reporter-output>
        </test-method> <!-- carDetails -->
        <test-method signature="carPremium()[pri:2, instance:com.testNg.Programs.CarInsurance@4229bb3f]" started-at="2023-01-16T18:26:57 IST" name="carPremium" finished-at="2023-01-16T18:26:57 IST" duration-ms="1" status="PASS">
          <reporter-output>
          </reporter-output>
        </test-method> <!-- carPremium -->
        <test-method signature="insuranceTenure()[pri:3, instance:com.testNg.Programs.CarInsurance@4229bb3f]" started-at="2023-01-16T18:26:57 IST" name="insuranceTenure" finished-at="2023-01-16T18:26:57 IST" duration-ms="1" status="PASS">
          <reporter-output>
          </reporter-output>
        </test-method> <!-- insuranceTenure -->
      </class> <!-- com.testNg.Programs.CarInsurance -->
    </test> <!-- Default test -->
  </suite> <!-- Default suite -->
</testng-results>
